===================== SYSTEM STATE =====================
Timestamp      : 2025-08-18 15:07:26
Hostname       : Ubuntu2204
Uptime         : up 45 minutes
Load Average   :  0.59, 0.29, 0.32

--- CPU ---
CPU Usage     : 1.03%

--- MEMORY ---
Used/Total    : 1.3Gi/5.3Gi (24.53%)

--- PROCESSES ---
Total processes: 247
Top 5 CPU consuming processes:
    PID COMMAND         %CPU %MEM
   3470 gnome-shell     10.8  7.0
   4252 code             6.6  4.7
   4179 code             1.7  3.3
   4220 code             1.4  2.1
   4041 gnome-terminal-  1.1  0.9

--- DISK USAGE ---
Filesystem           Size       Used       Use%     Mounted   
tmpfs                547M       1.6M       1%       /run      
/dev/sda3            24G        20G        85%      /         
tmpfs                2.7G       12M        1%       /dev/shm  
tmpfs                5.0M       4.0K       1%       /run/lock 
/dev/sda2            512M       6.1M       2%       /boot/efi 
shared-with-host     953G       341G       36%      /home/eu/shared-with-host
tmpfs                547M       120K       1%       /run/user/1000
/dev/sr0             59M        59M        100%     /media/eu/VBox_GAs_7.1.8

--- NETWORK ---
IP Address    : 127.0.0.1/8 (lo)
IP Address    : 10.0.2.15/24 (enp0s3)
IP Address    : 192.168.1.133/24 (enp0s8)
IP Address    : 172.17.0.1/16 (docker0)
========================================================
