===================== SYSTEM STATE =====================
Timestamp      : 2025-09-28 09:33:26
Hostname       : Ubuntu2204
Uptime         : up 15 minutes
Load Average   :  1.52, 1.79, 1.38

--- CPU ---
CPU Usage     : 12.78%

--- MEMORY ---
Used/Total    : 2.5Gi/5.3Gi (47.17%)

--- PROCESSES ---
Total processes: 266
Top 5 CPU consuming processes:
    PID COMMAND         %CPU %MEM
  18457 code            42.9  8.7
  18207 code            41.4  5.1
   1907 java            24.5 10.9
  18244 code            14.2  3.8
  18169 code            13.1  2.6

--- DISK USAGE ---
Filesystem           Size       Used       Use%     Mounted   
tmpfs                547M       1.7M       1%       /run      
/dev/sda3            24G        22G        93%      /         
tmpfs                2.7G       29M        2%       /dev/shm  
tmpfs                5.0M       4.0K       1%       /run/lock 
/dev/sda2            512M       6.1M       2%       /boot/efi 
shared-with-host     953G       394G       42%      /home/eu/shared-with-host
tmpfs                547M       112K       1%       /run/user/1000
/dev/sr0             59M        59M        100%     /media/eu/VBox_GAs_7.1.8

--- NETWORK ---
IP Address    : 127.0.0.1/8 (lo)
IP Address    : 10.0.2.15/24 (enp0s3)
IP Address    : 192.168.1.133/24 (enp0s8)
IP Address    : 192.168.49.1/24 (br-046171c048bb)
IP Address    : 172.18.0.1/16 (br-1f32ccedd969)
IP Address    : 172.17.0.1/16 (docker0)
========================================================
